<?xml version="1.0" encoding="UTF-8"?>
<!-- Generated by org.testng.reporters.JUnitXMLReporter -->
<testsuite hostname="DESKTOP-PVQAVP0" ignored="0" name="Default test" tests="4" failures="0" timestamp="05 Jul 2020 15:04:37 GMT" time="29.697" errors="0">
  <testcase name="verifyPageTitle" time="0.14" classname="com.qa.Clockify.test.SettingsPageTest"/>
  <testcase name="verifyWorkSpaceName" time="1.576" classname="com.qa.Clockify.test.SettingsPageTest"/>
  <testcase name="verifyUploadPhotobutton" time="1.337" classname="com.qa.Clockify.test.SettingsPageTest"/>
  <testcase name="verifyUploadPhoto" time="1.264" classname="com.qa.Clockify.test.SettingsPageTest"/>
</testsuite> <!-- Default test -->
