<?xml version="1.0" encoding="UTF-8"?>
<!-- Generated by org.testng.reporters.JUnitXMLReporter -->
<testsuite hostname="DESKTOP-PVQAVP0" ignored="1" name="Default test" tests="3" failures="0" timestamp="05 Jul 2020 15:52:21 GMT" time="30.655" errors="0">
  <testcase name="verifySettingsPageTitle" time="0.624" classname="com.qa.Clockify.test.SettingsPageTest"/>
  <testcase name="verifyWorkSpaceName" time="1.347" classname="com.qa.Clockify.test.SettingsPageTest"/>
  <testcase name="verifyUploadPhotobutton" time="1.343" classname="com.qa.Clockify.test.SettingsPageTest"/>
  <testcase name="verifyUploadPhoto" time="0.0" classname="com.qa.Clockify.test.SettingsPageTest">
    <ignored/>
  </testcase> <!-- verifyUploadPhoto -->
</testsuite> <!-- Default test -->
