<?xml version="1.0" encoding="UTF-8"?>
<!-- Generated by org.testng.reporters.JUnitXMLReporter -->
<testsuite hostname="DESKTOP-PVQAVP0" ignored="0" name="Clockify Functional test" tests="2" failures="0" timestamp="26 Jun 2020 14:19:32 GMT" time="36.888" errors="0">
  <testcase name="verifyLoginPageTitleTest" time="5.045" classname="com.qa.Clockify.test.LoginPageTest"/>
  <testcase name="verifyHomePageTitleTest" time="0.021" classname="com.qa.Clockify.test.HomePageTest"/>
</testsuite> <!-- Clockify Functional test -->
