<?xml version="1.0" encoding="UTF-8"?>
<!-- Generated by org.testng.reporters.JUnitXMLReporter -->
<testsuite hostname="DESKTOP-PVQAVP0" ignored="0" name="Test 2" tests="3" failures="0" timestamp="03 Jul 2020 18:03:26 GMT" time="32.977" errors="0">
  <testcase name="verifyHomePageTitleTest" time="0.033" classname="com.qa.Clockify.test.HomePageTest"/>
  <testcase name="verifyLoggedInaccountNameTest" time="1.381" classname="com.qa.Clockify.test.HomePageTest"/>
  <testcase name="verifyProjectTest" time="1.784" classname="com.qa.Clockify.test.HomePageTest"/>
</testsuite> <!-- Test 2 -->
