<?xml version="1.0" encoding="UTF-8"?>
<!-- Generated by org.testng.reporters.JUnitXMLReporter -->
<testsuite hostname="DESKTOP-PVQAVP0" ignored="1" name="Test 1 - Chrome " tests="5" failures="0" timestamp="04 Jul 2020 16:15:30 GMT" time="39.341" errors="0">
  <testcase name="verifyLoginPageTitleTest" time="0.55" classname="com.qa.Clockify.test.LoginPageTest"/>
  <testcase name="verifySignUpLinkTest" time="3.084" classname="com.qa.Clockify.test.LoginPageTest"/>
  <testcase name="verifyForgotpasswordLinkTest" time="3.188" classname="com.qa.Clockify.test.LoginPageTest"/>
  <testcase name="verifyLearnMoreLinkTest" time="3.473" classname="com.qa.Clockify.test.LoginPageTest"/>
  <testcase name="verifyLoginTest" time="14.771" classname="com.qa.Clockify.test.LoginPageTest"/>
  <testcase name="Login_InvalidTestCases" time="0.0" classname="com.qa.Clockify.test.LoginPageTest">
    <ignored/>
  </testcase> <!-- Login_InvalidTestCases -->
</testsuite> <!-- Test 1 - Chrome  -->
