<?xml version="1.0" encoding="UTF-8"?>
<!-- Generated by org.testng.reporters.JUnitXMLReporter -->
<testsuite hostname="DESKTOP-PVQAVP0" ignored="1" name="Test 2 - Firefox" tests="5" failures="0" timestamp="04 Jul 2020 13:42:27 GMT" time="52.307" errors="0">
  <testcase name="verifyLoginPageTitleTest" time="0.055" classname="com.qa.Clockify.test.LoginPageTest"/>
  <testcase name="verifySignUpLinkTest" time="2.025" classname="com.qa.Clockify.test.LoginPageTest"/>
  <testcase name="verifyForgotpasswordLinkTest" time="1.931" classname="com.qa.Clockify.test.LoginPageTest"/>
  <testcase name="verifyLearnMoreLinkTest" time="2.017" classname="com.qa.Clockify.test.LoginPageTest"/>
  <testcase name="verifyLoginTest" time="10.269" classname="com.qa.Clockify.test.LoginPageTest"/>
  <testcase name="Login_InvalidTestCases" time="0.0" classname="com.qa.Clockify.test.LoginPageTest">
    <ignored/>
  </testcase> <!-- Login_InvalidTestCases -->
</testsuite> <!-- Test 2 - Firefox -->
