<?xml version="1.0" encoding="UTF-8"?>
<!-- Generated by org.testng.reporters.JUnitXMLReporter -->
<testsuite hostname="DESKTOP-PVQAVP0" ignored="0" name="Test 1" tests="3" failures="0" timestamp="07 Jul 2020 13:12:56 GMT" time="33.677" errors="0">
  <testcase name="verifyHomePageTitleTest" time="0.052" classname="com.qa.Clockify.test.HomePageTest"/>
  <testcase name="verifyLoggedInaccountNameTest" time="1.411" classname="com.qa.Clockify.test.HomePageTest"/>
  <testcase name="verifyProjectTest" time="1.795" classname="com.qa.Clockify.test.HomePageTest"/>
</testsuite> <!-- Test 1 -->
