<?xml version="1.0" encoding="UTF-8"?>
<!-- Generated by org.testng.reporters.JUnitXMLReporter -->
<testsuite hostname="DESKTOP-PVQAVP0" ignored="1" name="Test 1 - Chrome " tests="5" failures="0" timestamp="04 Jul 2020 14:47:33 GMT" time="47.007" errors="0">
  <testcase name="verifyLoginPageTitleTest" time="0.358" classname="com.qa.Clockify.test.LoginPageTest"/>
  <testcase name="verifySignUpLinkTest" time="2.395" classname="com.qa.Clockify.test.LoginPageTest"/>
  <testcase name="verifyForgotpasswordLinkTest" time="2.888" classname="com.qa.Clockify.test.LoginPageTest"/>
  <testcase name="verifyLearnMoreLinkTest" time="4.421" classname="com.qa.Clockify.test.LoginPageTest"/>
  <testcase name="verifyLoginTest" time="18.587" classname="com.qa.Clockify.test.LoginPageTest"/>
  <testcase name="Login_InvalidTestCases" time="0.0" classname="com.qa.Clockify.test.LoginPageTest">
    <ignored/>
  </testcase> <!-- Login_InvalidTestCases -->
</testsuite> <!-- Test 1 - Chrome  -->
