<?xml version="1.0" encoding="UTF-8"?>
<!-- Generated by org.testng.reporters.JUnitXMLReporter -->
<testsuite hostname="DESKTOP-PVQAVP0" ignored="1" name="Test 2 - Firefox" tests="5" failures="0" timestamp="05 Jul 2020 16:32:56 GMT" time="59.751" errors="0">
  <testcase name="verifyLoginPageTitleTest" time="0.078" classname="com.qa.Clockify.test.LoginPageTest"/>
  <testcase name="verifySignUpLinkTest" time="1.907" classname="com.qa.Clockify.test.LoginPageTest"/>
  <testcase name="verifyForgotpasswordLinkTest" time="1.98" classname="com.qa.Clockify.test.LoginPageTest"/>
  <testcase name="verifyLearnMoreLinkTest" time="2.234" classname="com.qa.Clockify.test.LoginPageTest"/>
  <testcase name="verifyLoginTest" time="9.677" classname="com.qa.Clockify.test.LoginPageTest"/>
  <testcase name="Login_InvalidTestCases" time="0.0" classname="com.qa.Clockify.test.LoginPageTest">
    <ignored/>
  </testcase> <!-- Login_InvalidTestCases -->
</testsuite> <!-- Test 2 - Firefox -->
