<?xml version="1.0" encoding="UTF-8"?>
<!-- Generated by org.testng.reporters.JUnitXMLReporter -->
<testsuite hostname="DESKTOP-PVQAVP0" ignored="1" name="Test 1" tests="5" failures="0" timestamp="03 Jul 2020 18:02:50 GMT" time="34.627" errors="0">
  <testcase name="verifyLoginPageTitleTest" time="0.134" classname="com.qa.Clockify.test.LoginPageTest"/>
  <testcase name="verifySignUpLinkTest" time="1.751" classname="com.qa.Clockify.test.LoginPageTest"/>
  <testcase name="verifyForgotpasswordLinkTest" time="1.471" classname="com.qa.Clockify.test.LoginPageTest"/>
  <testcase name="verifyLearnMoreLinkTest" time="1.511" classname="com.qa.Clockify.test.LoginPageTest"/>
  <testcase name="verifyLoginTest" time="7.811" classname="com.qa.Clockify.test.LoginPageTest"/>
  <testcase name="Login_InvalidTestCases" time="0.0" classname="com.qa.Clockify.test.LoginPageTest">
    <ignored/>
  </testcase> <!-- Login_InvalidTestCases -->
</testsuite> <!-- Test 1 -->
